running egg_info
writing build/ddmr/ddmr.egg-info/PKG-INFO
writing dependency_links to build/ddmr/ddmr.egg-info/dependency_links.txt
writing entry points to build/ddmr/ddmr.egg-info/entry_points.txt
writing requirements to build/ddmr/ddmr.egg-info/requires.txt
writing top-level names to build/ddmr/ddmr.egg-info/top_level.txt
reading manifest file 'build/ddmr/ddmr.egg-info/SOURCES.txt'
writing manifest file 'build/ddmr/ddmr.egg-info/SOURCES.txt'
running build
running build_py
copying ddmr/navigation_controller_node.py -> /home/shaheen/ros2_ws/src/DDMR/build/ddmr/build/lib/ddmr
running install
/usr/lib/python3/dist-packages/setuptools/command/install.py:34: SetuptoolsDeprecationWarning: setup.py install is deprecated. Use build and pip and other standards-based tools.
  warnings.warn(
running install_lib
copying /home/shaheen/ros2_ws/src/DDMR/build/ddmr/build/lib/ddmr/navigation_controller_node.py -> /home/shaheen/ros2_ws/src/DDMR/install/ddmr/lib/python3.10/site-packages/ddmr
byte-compiling /home/shaheen/ros2_ws/src/DDMR/install/ddmr/lib/python3.10/site-packages/ddmr/navigation_controller_node.py to navigation_controller_node.cpython-310.pyc
byte-compiling /home/shaheen/ros2_ws/src/DDMR/install/ddmr/lib/python3.10/site-packages/ddmr/util.py to util.cpython-310.pyc
Sorry: IndentationError: unexpected indent (util.py, line 53)
running install_data
running install_egg_info
removing '/home/shaheen/ros2_ws/src/DDMR/install/ddmr/lib/python3.10/site-packages/ddmr-0.0.0-py3.10.egg-info' (and everything under it)
Copying build/ddmr/ddmr.egg-info to /home/shaheen/ros2_ws/src/DDMR/install/ddmr/lib/python3.10/site-packages/ddmr-0.0.0-py3.10.egg-info
running install_scripts
Installing navigation_controller_node script to /home/shaheen/ros2_ws/src/DDMR/install/ddmr/lib/project_4
Installing simulator_node script to /home/shaheen/ros2_ws/src/DDMR/install/ddmr/lib/project_4
Installing velocity_translator_node script to /home/shaheen/ros2_ws/src/DDMR/install/ddmr/lib/project_4
writing list of installed files to '/home/shaheen/ros2_ws/src/DDMR/build/ddmr/install.log'
