[0.342s] DEBUG:colcon:Command line arguments: ['/usr/bin/colcon', 'build']
[0.342s] DEBUG:colcon:Parsed command line arguments: Namespace(log_base=None, log_level=None, verb_name='build', build_base='build', install_base='install', merge_install=False, symlink_install=False, test_result_base=None, continue_on_error=False, executor='parallel', parallel_workers=8, event_handlers=None, ignore_user_meta=False, metas=['./colcon.meta'], base_paths=['.'], packages_ignore=None, packages_ignore_regex=None, paths=None, packages_up_to=None, packages_up_to_regex=None, packages_above=None, packages_above_and_dependencies=None, packages_above_depth=None, packages_select_by_dep=None, packages_skip_by_dep=None, packages_skip_up_to=None, packages_select_build_failed=False, packages_skip_build_finished=False, packages_select_test_failures=False, packages_skip_test_passed=False, packages_select=None, packages_skip=None, packages_select_regex=None, packages_skip_regex=None, packages_start=None, packages_end=None, allow_overriding=[], cmake_args=None, cmake_target=None, cmake_target_skip_unavailable=False, cmake_clean_cache=False, cmake_clean_first=False, cmake_force_configure=False, ament_cmake_args=None, catkin_cmake_args=None, catkin_skip_building_tests=False, verb_parser=<colcon_defaults.argument_parser.defaults.DefaultArgumentsDecorator object at 0x7f2a3a5bafb0>, verb_extension=<colcon_core.verb.build.BuildVerb object at 0x7f2a3add0fa0>, main=<bound method BuildVerb.main of <colcon_core.verb.build.BuildVerb object at 0x7f2a3add0fa0>>)
[0.385s] Level 1:colcon.colcon_core.package_discovery:discover_packages(colcon_meta) check parameters
[0.385s] Level 1:colcon.colcon_core.package_discovery:discover_packages(recursive) check parameters
[0.385s] Level 1:colcon.colcon_core.package_discovery:discover_packages(ignore) check parameters
[0.385s] Level 1:colcon.colcon_core.package_discovery:discover_packages(path) check parameters
[0.385s] Level 1:colcon.colcon_core.package_discovery:discover_packages(colcon_meta) discover
[0.385s] Level 1:colcon.colcon_core.package_discovery:discover_packages(recursive) discover
[0.385s] INFO:colcon.colcon_core.package_discovery:Crawling recursively for packages in '/home/shaheen/ros2_ws/src/DDMR'
[0.386s] Level 1:colcon.colcon_core.package_identification:_identify(.) by extensions ['ignore', 'ignore_ament_install']
[0.386s] Level 1:colcon.colcon_core.package_identification:_identify(.) by extension 'ignore'
[0.386s] Level 1:colcon.colcon_core.package_identification:_identify(.) by extension 'ignore_ament_install'
[0.386s] Level 1:colcon.colcon_core.package_identification:_identify(.) by extensions ['colcon_pkg']
[0.386s] Level 1:colcon.colcon_core.package_identification:_identify(.) by extension 'colcon_pkg'
[0.386s] Level 1:colcon.colcon_core.package_identification:_identify(.) by extensions ['colcon_meta']
[0.386s] Level 1:colcon.colcon_core.package_identification:_identify(.) by extension 'colcon_meta'
[0.386s] Level 1:colcon.colcon_core.package_identification:_identify(.) by extensions ['ros']
[0.386s] Level 1:colcon.colcon_core.package_identification:_identify(.) by extension 'ros'
[0.404s] DEBUG:colcon.colcon_core.package_identification:Package '.' with type 'ros.ament_python' and name 'ddmr'
[0.404s] Level 1:colcon.colcon_core.package_discovery:discover_packages(recursive) using defaults
[0.404s] Level 1:colcon.colcon_core.package_discovery:discover_packages(ignore) discover
[0.404s] Level 1:colcon.colcon_core.package_discovery:discover_packages(ignore) using defaults
[0.404s] Level 1:colcon.colcon_core.package_discovery:discover_packages(path) discover
[0.404s] Level 1:colcon.colcon_core.package_discovery:discover_packages(path) using defaults
[0.435s] Level 1:colcon.colcon_core.package_discovery:discover_packages(prefix_path) check parameters
[0.435s] Level 1:colcon.colcon_core.package_discovery:discover_packages(prefix_path) discover
[0.438s] DEBUG:colcon.colcon_installed_package_information.package_discovery:Found 1 installed packages in /home/shaheen/ros2_ws/src/DDMR/install
[0.441s] DEBUG:colcon.colcon_installed_package_information.package_discovery:Found 270 installed packages in /opt/ros/humble
[0.443s] Level 1:colcon.colcon_core.package_discovery:discover_packages(prefix_path) using defaults
[0.527s] Level 5:colcon.colcon_core.verb:set package 'ddmr' build argument 'cmake_args' from command line to 'None'
[0.527s] Level 5:colcon.colcon_core.verb:set package 'ddmr' build argument 'cmake_target' from command line to 'None'
[0.527s] Level 5:colcon.colcon_core.verb:set package 'ddmr' build argument 'cmake_target_skip_unavailable' from command line to 'False'
[0.527s] Level 5:colcon.colcon_core.verb:set package 'ddmr' build argument 'cmake_clean_cache' from command line to 'False'
[0.527s] Level 5:colcon.colcon_core.verb:set package 'ddmr' build argument 'cmake_clean_first' from command line to 'False'
[0.528s] Level 5:colcon.colcon_core.verb:set package 'ddmr' build argument 'cmake_force_configure' from command line to 'False'
[0.528s] Level 5:colcon.colcon_core.verb:set package 'ddmr' build argument 'ament_cmake_args' from command line to 'None'
[0.528s] Level 5:colcon.colcon_core.verb:set package 'ddmr' build argument 'catkin_cmake_args' from command line to 'None'
[0.528s] Level 5:colcon.colcon_core.verb:set package 'ddmr' build argument 'catkin_skip_building_tests' from command line to 'False'
[0.528s] DEBUG:colcon.colcon_core.verb:Building package 'ddmr' with the following arguments: {'ament_cmake_args': None, 'build_base': '/home/shaheen/ros2_ws/src/DDMR/build/ddmr', 'catkin_cmake_args': None, 'catkin_skip_building_tests': False, 'cmake_args': None, 'cmake_clean_cache': False, 'cmake_clean_first': False, 'cmake_force_configure': False, 'cmake_target': None, 'cmake_target_skip_unavailable': False, 'install_base': '/home/shaheen/ros2_ws/src/DDMR/install/ddmr', 'merge_install': False, 'path': '/home/shaheen/ros2_ws/src/DDMR', 'symlink_install': False, 'test_result_base': None}
[0.529s] INFO:colcon.colcon_core.executor:Executing jobs using 'parallel' executor
[0.533s] DEBUG:colcon.colcon_parallel_executor.executor.parallel:run_until_complete
[0.533s] INFO:colcon.colcon_ros.task.ament_python.build:Building ROS package in '/home/shaheen/ros2_ws/src/DDMR' with build type 'ament_python'
[0.534s] Level 1:colcon.colcon_core.shell:create_environment_hook('ddmr', 'ament_prefix_path')
[0.539s] INFO:colcon.colcon_core.plugin_system:Skipping extension 'colcon_core.shell.bat': Not used on non-Windows systems
[0.540s] INFO:colcon.colcon_core.shell:Creating environment hook '/home/shaheen/ros2_ws/src/DDMR/install/ddmr/share/ddmr/hook/ament_prefix_path.ps1'
[0.541s] INFO:colcon.colcon_core.shell:Creating environment descriptor '/home/shaheen/ros2_ws/src/DDMR/install/ddmr/share/ddmr/hook/ament_prefix_path.dsv'
[0.542s] INFO:colcon.colcon_core.shell:Creating environment hook '/home/shaheen/ros2_ws/src/DDMR/install/ddmr/share/ddmr/hook/ament_prefix_path.sh'
[0.544s] INFO:colcon.colcon_core.shell:Skip shell extension 'powershell' for command environment: Not usable outside of PowerShell
[0.544s] DEBUG:colcon.colcon_core.shell:Skip shell extension 'dsv' for command environment
[0.905s] INFO:colcon.colcon_core.task.python.build:Building Python package in '/home/shaheen/ros2_ws/src/DDMR'
[0.907s] INFO:colcon.colcon_core.shell:Skip shell extension 'powershell' for command environment: Not usable outside of PowerShell
[0.907s] DEBUG:colcon.colcon_core.shell:Skip shell extension 'dsv' for command environment
[1.275s] DEBUG:colcon.colcon_core.event_handler.log_command:Invoking command in '/home/shaheen/ros2_ws/src/DDMR': PYTHONPATH=/home/shaheen/ros2_ws/src/DDMR/build/ddmr/prefix_override:/home/shaheen/ros2_ws/src/DDMR/install/ddmr/lib/python3.10/site-packages:${PYTHONPATH} /usr/bin/python3 setup.py egg_info --egg-base build/ddmr build --build-base /home/shaheen/ros2_ws/src/DDMR/build/ddmr/build install --record /home/shaheen/ros2_ws/src/DDMR/build/ddmr/install.log --single-version-externally-managed
[1.615s] DEBUG:colcon.colcon_core.event_handler.log_command:Invoked command in '/home/shaheen/ros2_ws/src/DDMR' returned '0': PYTHONPATH=/home/shaheen/ros2_ws/src/DDMR/build/ddmr/prefix_override:/home/shaheen/ros2_ws/src/DDMR/install/ddmr/lib/python3.10/site-packages:${PYTHONPATH} /usr/bin/python3 setup.py egg_info --egg-base build/ddmr build --build-base /home/shaheen/ros2_ws/src/DDMR/build/ddmr/build install --record /home/shaheen/ros2_ws/src/DDMR/build/ddmr/install.log --single-version-externally-managed
[1.624s] Level 1:colcon.colcon_core.environment:checking '/home/shaheen/ros2_ws/src/DDMR/install/ddmr' for CMake module files
[1.625s] Level 1:colcon.colcon_core.environment:checking '/home/shaheen/ros2_ws/src/DDMR/install/ddmr' for CMake config files
[1.627s] Level 1:colcon.colcon_core.environment:checking '/home/shaheen/ros2_ws/src/DDMR/install/ddmr/lib'
[1.627s] Level 1:colcon.colcon_core.environment:checking '/home/shaheen/ros2_ws/src/DDMR/install/ddmr/bin'
[1.627s] Level 1:colcon.colcon_core.environment:checking '/home/shaheen/ros2_ws/src/DDMR/install/ddmr/lib/pkgconfig/ddmr.pc'
[1.628s] Level 1:colcon.colcon_core.environment:checking '/home/shaheen/ros2_ws/src/DDMR/install/ddmr/lib/python3.10/site-packages'
[1.628s] Level 1:colcon.colcon_core.shell:create_environment_hook('ddmr', 'pythonpath')
[1.631s] INFO:colcon.colcon_core.shell:Creating environment hook '/home/shaheen/ros2_ws/src/DDMR/install/ddmr/share/ddmr/hook/pythonpath.ps1'
[1.632s] INFO:colcon.colcon_core.shell:Creating environment descriptor '/home/shaheen/ros2_ws/src/DDMR/install/ddmr/share/ddmr/hook/pythonpath.dsv'
[1.633s] INFO:colcon.colcon_core.shell:Creating environment hook '/home/shaheen/ros2_ws/src/DDMR/install/ddmr/share/ddmr/hook/pythonpath.sh'
[1.635s] Level 1:colcon.colcon_core.environment:checking '/home/shaheen/ros2_ws/src/DDMR/install/ddmr/bin'
[1.635s] Level 1:colcon.colcon_core.environment:create_environment_scripts_only(ddmr)
[1.638s] INFO:colcon.colcon_core.shell:Creating package script '/home/shaheen/ros2_ws/src/DDMR/install/ddmr/share/ddmr/package.ps1'
[1.641s] INFO:colcon.colcon_core.shell:Creating package descriptor '/home/shaheen/ros2_ws/src/DDMR/install/ddmr/share/ddmr/package.dsv'
[1.642s] INFO:colcon.colcon_core.shell:Creating package script '/home/shaheen/ros2_ws/src/DDMR/install/ddmr/share/ddmr/package.sh'
[1.644s] INFO:colcon.colcon_core.shell:Creating package script '/home/shaheen/ros2_ws/src/DDMR/install/ddmr/share/ddmr/package.bash'
[1.646s] INFO:colcon.colcon_core.shell:Creating package script '/home/shaheen/ros2_ws/src/DDMR/install/ddmr/share/ddmr/package.zsh'
[1.647s] Level 1:colcon.colcon_core.environment:create_file_with_runtime_dependencies(/home/shaheen/ros2_ws/src/DDMR/install/ddmr/share/colcon-core/packages/ddmr)
[1.648s] DEBUG:colcon.colcon_parallel_executor.executor.parallel:closing loop
[1.648s] DEBUG:colcon.colcon_parallel_executor.executor.parallel:loop closed
[1.648s] DEBUG:colcon.colcon_parallel_executor.executor.parallel:run_until_complete finished with '0'
[1.649s] DEBUG:colcon.colcon_core.event_reactor:joining thread
[1.660s] INFO:colcon.colcon_core.plugin_system:Skipping extension 'colcon_notification.desktop_notification.terminal_notifier': Not used on non-Darwin systems
[1.660s] INFO:colcon.colcon_core.plugin_system:Skipping extension 'colcon_notification.desktop_notification.win32': Not used on non-Windows systems
[1.661s] INFO:colcon.colcon_notification.desktop_notification:Sending desktop notification using 'notify2'
[1.679s] DEBUG:colcon.colcon_core.event_reactor:joined thread
[1.682s] INFO:colcon.colcon_core.shell:Creating prefix script '/home/shaheen/ros2_ws/src/DDMR/install/local_setup.ps1'
[1.685s] INFO:colcon.colcon_core.shell:Creating prefix util module '/home/shaheen/ros2_ws/src/DDMR/install/_local_setup_util_ps1.py'
[1.688s] INFO:colcon.colcon_core.shell:Creating prefix chain script '/home/shaheen/ros2_ws/src/DDMR/install/setup.ps1'
[1.691s] INFO:colcon.colcon_core.shell:Creating prefix script '/home/shaheen/ros2_ws/src/DDMR/install/local_setup.sh'
[1.692s] INFO:colcon.colcon_core.shell:Creating prefix util module '/home/shaheen/ros2_ws/src/DDMR/install/_local_setup_util_sh.py'
[1.693s] INFO:colcon.colcon_core.shell:Creating prefix chain script '/home/shaheen/ros2_ws/src/DDMR/install/setup.sh'
[1.697s] INFO:colcon.colcon_core.shell:Creating prefix script '/home/shaheen/ros2_ws/src/DDMR/install/local_setup.bash'
[1.698s] INFO:colcon.colcon_core.shell:Creating prefix chain script '/home/shaheen/ros2_ws/src/DDMR/install/setup.bash'
[1.701s] INFO:colcon.colcon_core.shell:Creating prefix script '/home/shaheen/ros2_ws/src/DDMR/install/local_setup.zsh'
[1.702s] INFO:colcon.colcon_core.shell:Creating prefix chain script '/home/shaheen/ros2_ws/src/DDMR/install/setup.zsh'
