[0.657s] Invoking command in '/home/shaheen/ros2_ws/src/DDMR': PYTHONPATH=/home/shaheen/ros2_ws/src/DDMR/build/ddmr/prefix_override:/home/shaheen/ros2_ws/src/DDMR/install/ddmr/lib/python3.10/site-packages:${PYTHONPATH} /usr/bin/python3 setup.py egg_info --egg-base build/ddmr build --build-base /home/shaheen/ros2_ws/src/DDMR/build/ddmr/build install --record /home/shaheen/ros2_ws/src/DDMR/build/ddmr/install.log --single-version-externally-managed
[0.911s] running egg_info
[0.912s] creating build/ddmr/ddmr.egg-info
[0.912s] writing build/ddmr/ddmr.egg-info/PKG-INFO
[0.912s] writing dependency_links to build/ddmr/ddmr.egg-info/dependency_links.txt
[0.913s] writing entry points to build/ddmr/ddmr.egg-info/entry_points.txt
[0.913s] writing requirements to build/ddmr/ddmr.egg-info/requires.txt
[0.913s] writing top-level names to build/ddmr/ddmr.egg-info/top_level.txt
[0.913s] writing manifest file 'build/ddmr/ddmr.egg-info/SOURCES.txt'
[0.914s] reading manifest file 'build/ddmr/ddmr.egg-info/SOURCES.txt'
[0.915s] writing manifest file 'build/ddmr/ddmr.egg-info/SOURCES.txt'
[0.915s] running build
[0.916s] running build_py
[0.916s] creating /home/shaheen/ros2_ws/src/DDMR/build/ddmr/build
[0.916s] creating /home/shaheen/ros2_ws/src/DDMR/build/ddmr/build/lib
[0.917s] creating /home/shaheen/ros2_ws/src/DDMR/build/ddmr/build/lib/ddmr
[0.917s] copying ddmr/collision.py -> /home/shaheen/ros2_ws/src/DDMR/build/ddmr/build/lib/ddmr
[0.917s] copying ddmr/navigation_controller_node.py -> /home/shaheen/ros2_ws/src/DDMR/build/ddmr/build/lib/ddmr
[0.917s] copying ddmr/velocity_translator_node.py -> /home/shaheen/ros2_ws/src/DDMR/build/ddmr/build/lib/ddmr
[0.918s] copying ddmr/util.py -> /home/shaheen/ros2_ws/src/DDMR/build/ddmr/build/lib/ddmr
[0.918s] copying ddmr/disc_robot.py -> /home/shaheen/ros2_ws/src/DDMR/build/ddmr/build/lib/ddmr
[0.918s] copying ddmr/world.py -> /home/shaheen/ros2_ws/src/DDMR/build/ddmr/build/lib/ddmr
[0.918s] copying ddmr/__init__.py -> /home/shaheen/ros2_ws/src/DDMR/build/ddmr/build/lib/ddmr
[0.919s] copying ddmr/simulator_node.py -> /home/shaheen/ros2_ws/src/DDMR/build/ddmr/build/lib/ddmr
[0.919s] /usr/lib/python3/dist-packages/setuptools/command/install.py:34: SetuptoolsDeprecationWarning: setup.py install is deprecated. Use build and pip and other standards-based tools.
[0.920s]   warnings.warn(
[0.920s] running install
[0.920s] running install_lib
[0.920s] creating /home/shaheen/ros2_ws/src/DDMR/install/ddmr/lib/python3.10/site-packages/ddmr
[0.920s] copying /home/shaheen/ros2_ws/src/DDMR/build/ddmr/build/lib/ddmr/collision.py -> /home/shaheen/ros2_ws/src/DDMR/install/ddmr/lib/python3.10/site-packages/ddmr
[0.921s] copying /home/shaheen/ros2_ws/src/DDMR/build/ddmr/build/lib/ddmr/navigation_controller_node.py -> /home/shaheen/ros2_ws/src/DDMR/install/ddmr/lib/python3.10/site-packages/ddmr
[0.921s] copying /home/shaheen/ros2_ws/src/DDMR/build/ddmr/build/lib/ddmr/velocity_translator_node.py -> /home/shaheen/ros2_ws/src/DDMR/install/ddmr/lib/python3.10/site-packages/ddmr
[0.921s] copying /home/shaheen/ros2_ws/src/DDMR/build/ddmr/build/lib/ddmr/util.py -> /home/shaheen/ros2_ws/src/DDMR/install/ddmr/lib/python3.10/site-packages/ddmr
[0.921s] copying /home/shaheen/ros2_ws/src/DDMR/build/ddmr/build/lib/ddmr/disc_robot.py -> /home/shaheen/ros2_ws/src/DDMR/install/ddmr/lib/python3.10/site-packages/ddmr
[0.921s] copying /home/shaheen/ros2_ws/src/DDMR/build/ddmr/build/lib/ddmr/world.py -> /home/shaheen/ros2_ws/src/DDMR/install/ddmr/lib/python3.10/site-packages/ddmr
[0.922s] copying /home/shaheen/ros2_ws/src/DDMR/build/ddmr/build/lib/ddmr/__init__.py -> /home/shaheen/ros2_ws/src/DDMR/install/ddmr/lib/python3.10/site-packages/ddmr
[0.922s] copying /home/shaheen/ros2_ws/src/DDMR/build/ddmr/build/lib/ddmr/simulator_node.py -> /home/shaheen/ros2_ws/src/DDMR/install/ddmr/lib/python3.10/site-packages/ddmr
[0.922s] byte-compiling /home/shaheen/ros2_ws/src/DDMR/install/ddmr/lib/python3.10/site-packages/ddmr/collision.py to collision.cpython-310.pyc
[0.922s] byte-compiling /home/shaheen/ros2_ws/src/DDMR/install/ddmr/lib/python3.10/site-packages/ddmr/navigation_controller_node.py to navigation_controller_node.cpython-310.pyc
[0.922s] byte-compiling /home/shaheen/ros2_ws/src/DDMR/install/ddmr/lib/python3.10/site-packages/ddmr/velocity_translator_node.py to velocity_translator_node.cpython-310.pyc
[0.922s] byte-compiling /home/shaheen/ros2_ws/src/DDMR/install/ddmr/lib/python3.10/site-packages/ddmr/util.py to util.cpython-310.pyc
[0.923s] byte-compiling /home/shaheen/ros2_ws/src/DDMR/install/ddmr/lib/python3.10/site-packages/ddmr/disc_robot.py to disc_robot.cpython-310.pyc
[0.923s] byte-compiling /home/shaheen/ros2_ws/src/DDMR/install/ddmr/lib/python3.10/site-packages/ddmr/world.py to world.cpython-310.pyc
[0.923s] byte-compiling /home/shaheen/ros2_ws/src/DDMR/install/ddmr/lib/python3.10/site-packages/ddmr/__init__.py to __init__.cpython-310.pyc
[0.923s] byte-compiling /home/shaheen/ros2_ws/src/DDMR/install/ddmr/lib/python3.10/site-packages/ddmr/simulator_node.py to simulator_node.cpython-310.pyc
[0.924s] running install_data
[0.924s] creating /home/shaheen/ros2_ws/src/DDMR/install/ddmr/share/ament_index
[0.925s] creating /home/shaheen/ros2_ws/src/DDMR/install/ddmr/share/ament_index/resource_index
[0.925s] creating /home/shaheen/ros2_ws/src/DDMR/install/ddmr/share/ament_index/resource_index/packages
[0.925s] copying resource/ddmr -> /home/shaheen/ros2_ws/src/DDMR/install/ddmr/share/ament_index/resource_index/packages
[0.925s] copying package.xml -> /home/shaheen/ros2_ws/src/DDMR/install/ddmr/share/ddmr
[0.925s] copying launch/launch.py -> /home/shaheen/ros2_ws/src/DDMR/install/ddmr/share/ddmr
[0.926s] running install_egg_info
[0.926s] Copying build/ddmr/ddmr.egg-info to /home/shaheen/ros2_ws/src/DDMR/install/ddmr/lib/python3.10/site-packages/ddmr-0.0.0-py3.10.egg-info
[0.928s] running install_scripts
[0.948s] Installing navigation_controller_node script to /home/shaheen/ros2_ws/src/DDMR/install/ddmr/lib/project_4
[0.948s] Installing simulator_node script to /home/shaheen/ros2_ws/src/DDMR/install/ddmr/lib/project_4
[0.949s] Installing velocity_translator_node script to /home/shaheen/ros2_ws/src/DDMR/install/ddmr/lib/project_4
[0.949s] writing list of installed files to '/home/shaheen/ros2_ws/src/DDMR/build/ddmr/install.log'
[0.979s] Invoked command in '/home/shaheen/ros2_ws/src/DDMR' returned '0': PYTHONPATH=/home/shaheen/ros2_ws/src/DDMR/build/ddmr/prefix_override:/home/shaheen/ros2_ws/src/DDMR/install/ddmr/lib/python3.10/site-packages:${PYTHONPATH} /usr/bin/python3 setup.py egg_info --egg-base build/ddmr build --build-base /home/shaheen/ros2_ws/src/DDMR/build/ddmr/build install --record /home/shaheen/ros2_ws/src/DDMR/build/ddmr/install.log --single-version-externally-managed
