[0.615s] Invoking command in '/home/shaheen/ros2_ws/src/DDMR': PYTHONPATH=/home/shaheen/ros2_ws/src/DDMR/build/ddmr/prefix_override:/home/shaheen/ros2_ws/src/DDMR/install/ddmr/lib/python3.10/site-packages:${PYTHONPATH} /usr/bin/python3 setup.py egg_info --egg-base build/ddmr build --build-base /home/shaheen/ros2_ws/src/DDMR/build/ddmr/build install --record /home/shaheen/ros2_ws/src/DDMR/build/ddmr/install.log --single-version-externally-managed
[0.842s] running egg_info
[0.843s] writing build/ddmr/ddmr.egg-info/PKG-INFO
[0.843s] writing dependency_links to build/ddmr/ddmr.egg-info/dependency_links.txt
[0.843s] writing entry points to build/ddmr/ddmr.egg-info/entry_points.txt
[0.843s] writing requirements to build/ddmr/ddmr.egg-info/requires.txt
[0.844s] writing top-level names to build/ddmr/ddmr.egg-info/top_level.txt
[0.845s] reading manifest file 'build/ddmr/ddmr.egg-info/SOURCES.txt'
[0.846s] writing manifest file 'build/ddmr/ddmr.egg-info/SOURCES.txt'
[0.846s] running build
[0.847s] running build_py
[0.847s] copying ddmr/navigation_controller_node.py -> /home/shaheen/ros2_ws/src/DDMR/build/ddmr/build/lib/ddmr
[0.847s] running install
[0.847s] /usr/lib/python3/dist-packages/setuptools/command/install.py:34: SetuptoolsDeprecationWarning: setup.py install is deprecated. Use build and pip and other standards-based tools.
[0.848s]   warnings.warn(
[0.848s] running install_lib
[0.848s] copying /home/shaheen/ros2_ws/src/DDMR/build/ddmr/build/lib/ddmr/navigation_controller_node.py -> /home/shaheen/ros2_ws/src/DDMR/install/ddmr/lib/python3.10/site-packages/ddmr
[0.849s] byte-compiling /home/shaheen/ros2_ws/src/DDMR/install/ddmr/lib/python3.10/site-packages/ddmr/navigation_controller_node.py to navigation_controller_node.cpython-310.pyc
[0.851s] running install_data
[0.852s] running install_egg_info
[0.853s] removing '/home/shaheen/ros2_ws/src/DDMR/install/ddmr/lib/python3.10/site-packages/ddmr-0.0.0-py3.10.egg-info' (and everything under it)
[0.854s] Copying build/ddmr/ddmr.egg-info to /home/shaheen/ros2_ws/src/DDMR/install/ddmr/lib/python3.10/site-packages/ddmr-0.0.0-py3.10.egg-info
[0.855s] running install_scripts
[0.875s] Installing navigation_controller_node script to /home/shaheen/ros2_ws/src/DDMR/install/ddmr/lib/project_4
[0.875s] Installing simulator_node script to /home/shaheen/ros2_ws/src/DDMR/install/ddmr/lib/project_4
[0.875s] Installing velocity_translator_node script to /home/shaheen/ros2_ws/src/DDMR/install/ddmr/lib/project_4
[0.876s] writing list of installed files to '/home/shaheen/ros2_ws/src/DDMR/build/ddmr/install.log'
[0.908s] Invoked command in '/home/shaheen/ros2_ws/src/DDMR' returned '0': PYTHONPATH=/home/shaheen/ros2_ws/src/DDMR/build/ddmr/prefix_override:/home/shaheen/ros2_ws/src/DDMR/install/ddmr/lib/python3.10/site-packages:${PYTHONPATH} /usr/bin/python3 setup.py egg_info --egg-base build/ddmr build --build-base /home/shaheen/ros2_ws/src/DDMR/build/ddmr/build install --record /home/shaheen/ros2_ws/src/DDMR/build/ddmr/install.log --single-version-externally-managed
