[0.696s] Invoking command in '/home/shaheen/ros2_ws/src/DDMR': PYTHONPATH=/home/shaheen/ros2_ws/src/DDMR/build/ddmr/prefix_override:/home/shaheen/ros2_ws/src/DDMR/install/ddmr/lib/python3.10/site-packages:${PYTHONPATH} /usr/bin/python3 setup.py egg_info --egg-base build/ddmr build --build-base /home/shaheen/ros2_ws/src/DDMR/build/ddmr/build install --record /home/shaheen/ros2_ws/src/DDMR/build/ddmr/install.log --single-version-externally-managed
[0.949s] running egg_info
[0.950s] writing build/ddmr/ddmr.egg-info/PKG-INFO
[0.950s] writing dependency_links to build/ddmr/ddmr.egg-info/dependency_links.txt
[0.950s] writing entry points to build/ddmr/ddmr.egg-info/entry_points.txt
[0.951s] writing requirements to build/ddmr/ddmr.egg-info/requires.txt
[0.951s] writing top-level names to build/ddmr/ddmr.egg-info/top_level.txt
[0.952s] reading manifest file 'build/ddmr/ddmr.egg-info/SOURCES.txt'
[0.953s] writing manifest file 'build/ddmr/ddmr.egg-info/SOURCES.txt'
[0.953s] running build
[0.954s] running build_py
[0.954s] copying ddmr/util.py -> /home/shaheen/ros2_ws/src/DDMR/build/ddmr/build/lib/ddmr
[0.954s] running install
[0.954s] /usr/lib/python3/dist-packages/setuptools/command/install.py:34: SetuptoolsDeprecationWarning: setup.py install is deprecated. Use build and pip and other standards-based tools.
[0.955s]   warnings.warn(
[0.955s] running install_lib
[0.956s] copying /home/shaheen/ros2_ws/src/DDMR/build/ddmr/build/lib/ddmr/util.py -> /home/shaheen/ros2_ws/src/DDMR/install/ddmr/lib/python3.10/site-packages/ddmr
[0.956s] byte-compiling /home/shaheen/ros2_ws/src/DDMR/install/ddmr/lib/python3.10/site-packages/ddmr/util.py to util.cpython-310.pyc
[0.957s] Sorry: IndentationError: unexpected indent (util.py, line 92)
[0.958s] running install_data
[0.958s] running install_egg_info
[0.960s] removing '/home/shaheen/ros2_ws/src/DDMR/install/ddmr/lib/python3.10/site-packages/ddmr-0.0.0-py3.10.egg-info' (and everything under it)
[0.960s] Copying build/ddmr/ddmr.egg-info to /home/shaheen/ros2_ws/src/DDMR/install/ddmr/lib/python3.10/site-packages/ddmr-0.0.0-py3.10.egg-info
[0.961s] running install_scripts
[0.982s] Installing navigation_controller_node script to /home/shaheen/ros2_ws/src/DDMR/install/ddmr/lib/project_4
[0.982s] Installing simulator_node script to /home/shaheen/ros2_ws/src/DDMR/install/ddmr/lib/project_4
[0.982s] Installing velocity_translator_node script to /home/shaheen/ros2_ws/src/DDMR/install/ddmr/lib/project_4
[0.983s] writing list of installed files to '/home/shaheen/ros2_ws/src/DDMR/build/ddmr/install.log'
[1.017s] Invoked command in '/home/shaheen/ros2_ws/src/DDMR' returned '0': PYTHONPATH=/home/shaheen/ros2_ws/src/DDMR/build/ddmr/prefix_override:/home/shaheen/ros2_ws/src/DDMR/install/ddmr/lib/python3.10/site-packages:${PYTHONPATH} /usr/bin/python3 setup.py egg_info --egg-base build/ddmr build --build-base /home/shaheen/ros2_ws/src/DDMR/build/ddmr/build install --record /home/shaheen/ros2_ws/src/DDMR/build/ddmr/install.log --single-version-externally-managed
