/home/shaheen/ros2_ws/src/DDMR/install/ddmr/lib/python3.10/site-packages/ddmr/navigation_controller_node.py
/home/shaheen/ros2_ws/src/DDMR/install/ddmr/lib/python3.10/site-packages/ddmr/velocity_translator_node.py
/home/shaheen/ros2_ws/src/DDMR/install/ddmr/lib/python3.10/site-packages/ddmr/util.py
/home/shaheen/ros2_ws/src/DDMR/install/ddmr/lib/python3.10/site-packages/ddmr/disc_robot.py
/home/shaheen/ros2_ws/src/DDMR/install/ddmr/lib/python3.10/site-packages/ddmr/__init__.py
/home/shaheen/ros2_ws/src/DDMR/install/ddmr/lib/python3.10/site-packages/ddmr/simulator_node.py
/home/shaheen/ros2_ws/src/DDMR/install/ddmr/lib/python3.10/site-packages/ddmr/__pycache__/navigation_controller_node.cpython-310.pyc
/home/shaheen/ros2_ws/src/DDMR/install/ddmr/lib/python3.10/site-packages/ddmr/__pycache__/velocity_translator_node.cpython-310.pyc
/home/shaheen/ros2_ws/src/DDMR/install/ddmr/lib/python3.10/site-packages/ddmr/__pycache__/util.cpython-310.pyc
/home/shaheen/ros2_ws/src/DDMR/install/ddmr/lib/python3.10/site-packages/ddmr/__pycache__/disc_robot.cpython-310.pyc
/home/shaheen/ros2_ws/src/DDMR/install/ddmr/lib/python3.10/site-packages/ddmr/__pycache__/__init__.cpython-310.pyc
/home/shaheen/ros2_ws/src/DDMR/install/ddmr/lib/python3.10/site-packages/ddmr/__pycache__/simulator_node.cpython-310.pyc
/home/shaheen/ros2_ws/src/DDMR/install/ddmr/share/ament_index/resource_index/packages/ddmr
/home/shaheen/ros2_ws/src/DDMR/install/ddmr/share/ddmr/package.xml
/home/shaheen/ros2_ws/src/DDMR/install/ddmr/share/ddmr/launch.py
/home/shaheen/ros2_ws/src/DDMR/install/ddmr/lib/python3.10/site-packages/ddmr-0.0.0-py3.10.egg-info/zip-safe
/home/shaheen/ros2_ws/src/DDMR/install/ddmr/lib/python3.10/site-packages/ddmr-0.0.0-py3.10.egg-info/SOURCES.txt
/home/shaheen/ros2_ws/src/DDMR/install/ddmr/lib/python3.10/site-packages/ddmr-0.0.0-py3.10.egg-info/requires.txt
/home/shaheen/ros2_ws/src/DDMR/install/ddmr/lib/python3.10/site-packages/ddmr-0.0.0-py3.10.egg-info/dependency_links.txt
/home/shaheen/ros2_ws/src/DDMR/install/ddmr/lib/python3.10/site-packages/ddmr-0.0.0-py3.10.egg-info/PKG-INFO
/home/shaheen/ros2_ws/src/DDMR/install/ddmr/lib/python3.10/site-packages/ddmr-0.0.0-py3.10.egg-info/top_level.txt
/home/shaheen/ros2_ws/src/DDMR/install/ddmr/lib/python3.10/site-packages/ddmr-0.0.0-py3.10.egg-info/entry_points.txt
/home/shaheen/ros2_ws/src/DDMR/install/ddmr/lib/project_4/navigation_controller_node
/home/shaheen/ros2_ws/src/DDMR/install/ddmr/lib/project_4/simulator_node
/home/shaheen/ros2_ws/src/DDMR/install/ddmr/lib/project_4/velocity_translator_node
