[0.664s] Invoking command in '/home/shaheen/ros2_ws/src/DDMR': PYTHONPATH=/home/shaheen/ros2_ws/src/DDMR/build/ddmr/prefix_override:/home/shaheen/ros2_ws/src/DDMR/install/ddmr/lib/python3.10/site-packages:${PYTHONPATH} /usr/bin/python3 setup.py egg_info --egg-base build/ddmr build --build-base /home/shaheen/ros2_ws/src/DDMR/build/ddmr/build install --record /home/shaheen/ros2_ws/src/DDMR/build/ddmr/install.log --single-version-externally-managed
[0.909s] running egg_info
[0.909s] writing build/ddmr/ddmr.egg-info/PKG-INFO
[0.910s] writing dependency_links to build/ddmr/ddmr.egg-info/dependency_links.txt
[0.910s] writing entry points to build/ddmr/ddmr.egg-info/entry_points.txt
[0.910s] writing requirements to build/ddmr/ddmr.egg-info/requires.txt
[0.911s] writing top-level names to build/ddmr/ddmr.egg-info/top_level.txt
[0.912s] reading manifest file 'build/ddmr/ddmr.egg-info/SOURCES.txt'
[0.913s] writing manifest file 'build/ddmr/ddmr.egg-info/SOURCES.txt'
[0.913s] running build
[0.914s] running build_py
[0.914s] running install
[0.914s] /usr/lib/python3/dist-packages/setuptools/command/install.py:34: SetuptoolsDeprecationWarning: setup.py install is deprecated. Use build and pip and other standards-based tools.
[0.915s]   warnings.warn(
[0.915s] running install_lib
[0.916s] running install_data
[0.917s] copying launch/launch.py -> /home/shaheen/ros2_ws/src/DDMR/install/ddmr/share/ddmr
[0.917s] running install_egg_info
[0.918s] removing '/home/shaheen/ros2_ws/src/DDMR/install/ddmr/lib/python3.10/site-packages/ddmr-0.0.0-py3.10.egg-info' (and everything under it)
[0.919s] Copying build/ddmr/ddmr.egg-info to /home/shaheen/ros2_ws/src/DDMR/install/ddmr/lib/python3.10/site-packages/ddmr-0.0.0-py3.10.egg-info
[0.920s] running install_scripts
[0.941s] Installing navigation_controller_node script to /home/shaheen/ros2_ws/src/DDMR/install/ddmr/lib/project_4
[0.941s] Installing simulator_node script to /home/shaheen/ros2_ws/src/DDMR/install/ddmr/lib/project_4
[0.942s] Installing velocity_translator_node script to /home/shaheen/ros2_ws/src/DDMR/install/ddmr/lib/project_4
[0.942s] writing list of installed files to '/home/shaheen/ros2_ws/src/DDMR/build/ddmr/install.log'
[0.975s] Invoked command in '/home/shaheen/ros2_ws/src/DDMR' returned '0': PYTHONPATH=/home/shaheen/ros2_ws/src/DDMR/build/ddmr/prefix_override:/home/shaheen/ros2_ws/src/DDMR/install/ddmr/lib/python3.10/site-packages:${PYTHONPATH} /usr/bin/python3 setup.py egg_info --egg-base build/ddmr build --build-base /home/shaheen/ros2_ws/src/DDMR/build/ddmr/build install --record /home/shaheen/ros2_ws/src/DDMR/build/ddmr/install.log --single-version-externally-managed
