[3.831s] DEBUG:colcon:Command line arguments: ['/usr/bin/colcon', 'build']
[3.831s] DEBUG:colcon:Parsed command line arguments: Namespace(log_base=None, log_level=None, verb_name='build', build_base='build', install_base='install', merge_install=False, symlink_install=False, test_result_base=None, continue_on_error=False, executor='parallel', parallel_workers=8, event_handlers=None, ignore_user_meta=False, metas=['./colcon.meta'], base_paths=['.'], packages_ignore=None, packages_ignore_regex=None, paths=None, packages_up_to=None, packages_up_to_regex=None, packages_above=None, packages_above_and_dependencies=None, packages_above_depth=None, packages_select_by_dep=None, packages_skip_by_dep=None, packages_skip_up_to=None, packages_select_build_failed=False, packages_skip_build_finished=False, packages_select_test_failures=False, packages_skip_test_passed=False, packages_select=None, packages_skip=None, packages_select_regex=None, packages_skip_regex=None, packages_start=None, packages_end=None, allow_overriding=[], cmake_args=None, cmake_target=None, cmake_target_skip_unavailable=False, cmake_clean_cache=False, cmake_clean_first=False, cmake_force_configure=False, ament_cmake_args=None, catkin_cmake_args=None, catkin_skip_building_tests=False, verb_parser=<colcon_defaults.argument_parser.defaults.DefaultArgumentsDecorator object at 0x7f2cbcb2ece0>, verb_extension=<colcon_core.verb.build.BuildVerb object at 0x7f2cbd346bf0>, main=<bound method BuildVerb.main of <colcon_core.verb.build.BuildVerb object at 0x7f2cbd346bf0>>)
[4.059s] Level 1:colcon.colcon_core.package_discovery:discover_packages(colcon_meta) check parameters
[4.059s] Level 1:colcon.colcon_core.package_discovery:discover_packages(recursive) check parameters
[4.059s] Level 1:colcon.colcon_core.package_discovery:discover_packages(ignore) check parameters
[4.059s] Level 1:colcon.colcon_core.package_discovery:discover_packages(path) check parameters
[4.060s] Level 1:colcon.colcon_core.package_discovery:discover_packages(colcon_meta) discover
[4.060s] Level 1:colcon.colcon_core.package_discovery:discover_packages(recursive) discover
[4.060s] INFO:colcon.colcon_core.package_discovery:Crawling recursively for packages in '/home/shaheen/ros2_ws/src/DDMR'
[4.060s] Level 1:colcon.colcon_core.package_identification:_identify(.) by extensions ['ignore', 'ignore_ament_install']
[4.060s] Level 1:colcon.colcon_core.package_identification:_identify(.) by extension 'ignore'
[4.061s] Level 1:colcon.colcon_core.package_identification:_identify(.) by extension 'ignore_ament_install'
[4.061s] Level 1:colcon.colcon_core.package_identification:_identify(.) by extensions ['colcon_pkg']
[4.061s] Level 1:colcon.colcon_core.package_identification:_identify(.) by extension 'colcon_pkg'
[4.061s] Level 1:colcon.colcon_core.package_identification:_identify(.) by extensions ['colcon_meta']
[4.061s] Level 1:colcon.colcon_core.package_identification:_identify(.) by extension 'colcon_meta'
[4.061s] Level 1:colcon.colcon_core.package_identification:_identify(.) by extensions ['ros']
[4.061s] Level 1:colcon.colcon_core.package_identification:_identify(.) by extension 'ros'
[4.131s] DEBUG:colcon.colcon_core.package_identification:Package '.' with type 'ros.ament_python' and name 'ddmr'
[4.131s] Level 1:colcon.colcon_core.package_discovery:discover_packages(recursive) using defaults
[4.131s] Level 1:colcon.colcon_core.package_discovery:discover_packages(ignore) discover
[4.132s] Level 1:colcon.colcon_core.package_discovery:discover_packages(ignore) using defaults
[4.132s] Level 1:colcon.colcon_core.package_discovery:discover_packages(path) discover
[4.132s] Level 1:colcon.colcon_core.package_discovery:discover_packages(path) using defaults
[4.265s] Level 1:colcon.colcon_core.package_discovery:discover_packages(prefix_path) check parameters
[4.266s] Level 1:colcon.colcon_core.package_discovery:discover_packages(prefix_path) discover
[4.270s] DEBUG:colcon.colcon_installed_package_information.package_discovery:Found 270 installed packages in /opt/ros/humble
[4.271s] Level 1:colcon.colcon_core.package_discovery:discover_packages(prefix_path) using defaults
[4.337s] Level 5:colcon.colcon_core.verb:set package 'ddmr' build argument 'cmake_args' from command line to 'None'
[4.337s] Level 5:colcon.colcon_core.verb:set package 'ddmr' build argument 'cmake_target' from command line to 'None'
[4.337s] Level 5:colcon.colcon_core.verb:set package 'ddmr' build argument 'cmake_target_skip_unavailable' from command line to 'False'
[4.337s] Level 5:colcon.colcon_core.verb:set package 'ddmr' build argument 'cmake_clean_cache' from command line to 'False'
[4.337s] Level 5:colcon.colcon_core.verb:set package 'ddmr' build argument 'cmake_clean_first' from command line to 'False'
[4.337s] Level 5:colcon.colcon_core.verb:set package 'ddmr' build argument 'cmake_force_configure' from command line to 'False'
[4.337s] Level 5:colcon.colcon_core.verb:set package 'ddmr' build argument 'ament_cmake_args' from command line to 'None'
[4.337s] Level 5:colcon.colcon_core.verb:set package 'ddmr' build argument 'catkin_cmake_args' from command line to 'None'
[4.337s] Level 5:colcon.colcon_core.verb:set package 'ddmr' build argument 'catkin_skip_building_tests' from command line to 'False'
[4.337s] DEBUG:colcon.colcon_core.verb:Building package 'ddmr' with the following arguments: {'ament_cmake_args': None, 'build_base': '/home/shaheen/ros2_ws/src/DDMR/build/ddmr', 'catkin_cmake_args': None, 'catkin_skip_building_tests': False, 'cmake_args': None, 'cmake_clean_cache': False, 'cmake_clean_first': False, 'cmake_force_configure': False, 'cmake_target': None, 'cmake_target_skip_unavailable': False, 'install_base': '/home/shaheen/ros2_ws/src/DDMR/install/ddmr', 'merge_install': False, 'path': '/home/shaheen/ros2_ws/src/DDMR', 'symlink_install': False, 'test_result_base': None}
[4.338s] INFO:colcon.colcon_core.executor:Executing jobs using 'parallel' executor
[4.342s] DEBUG:colcon.colcon_parallel_executor.executor.parallel:run_until_complete
[4.342s] INFO:colcon.colcon_ros.task.ament_python.build:Building ROS package in '/home/shaheen/ros2_ws/src/DDMR' with build type 'ament_python'
[4.342s] Level 1:colcon.colcon_core.shell:create_environment_hook('ddmr', 'ament_prefix_path')
[4.365s] INFO:colcon.colcon_core.plugin_system:Skipping extension 'colcon_core.shell.bat': Not used on non-Windows systems
[4.366s] INFO:colcon.colcon_core.shell:Creating environment hook '/home/shaheen/ros2_ws/src/DDMR/install/ddmr/share/ddmr/hook/ament_prefix_path.ps1'
[4.367s] INFO:colcon.colcon_core.shell:Creating environment descriptor '/home/shaheen/ros2_ws/src/DDMR/install/ddmr/share/ddmr/hook/ament_prefix_path.dsv'
[4.367s] INFO:colcon.colcon_core.shell:Creating environment hook '/home/shaheen/ros2_ws/src/DDMR/install/ddmr/share/ddmr/hook/ament_prefix_path.sh'
[4.370s] INFO:colcon.colcon_core.shell:Skip shell extension 'powershell' for command environment: Not usable outside of PowerShell
[4.370s] DEBUG:colcon.colcon_core.shell:Skip shell extension 'dsv' for command environment
[4.697s] INFO:colcon.colcon_core.task.python.build:Building Python package in '/home/shaheen/ros2_ws/src/DDMR'
[4.700s] INFO:colcon.colcon_core.shell:Skip shell extension 'powershell' for command environment: Not usable outside of PowerShell
[4.700s] DEBUG:colcon.colcon_core.shell:Skip shell extension 'dsv' for command environment
[5.266s] DEBUG:colcon.colcon_core.event_handler.log_command:Invoking command in '/home/shaheen/ros2_ws/src/DDMR': PYTHONPATH=/home/shaheen/ros2_ws/src/DDMR/build/ddmr/prefix_override:/home/shaheen/ros2_ws/src/DDMR/install/ddmr/lib/python3.10/site-packages:${PYTHONPATH} /usr/bin/python3 setup.py egg_info --egg-base build/ddmr build --build-base /home/shaheen/ros2_ws/src/DDMR/build/ddmr/build install --record /home/shaheen/ros2_ws/src/DDMR/build/ddmr/install.log --single-version-externally-managed
[5.607s] DEBUG:colcon.colcon_core.event_handler.log_command:Invoked command in '/home/shaheen/ros2_ws/src/DDMR' returned '0': PYTHONPATH=/home/shaheen/ros2_ws/src/DDMR/build/ddmr/prefix_override:/home/shaheen/ros2_ws/src/DDMR/install/ddmr/lib/python3.10/site-packages:${PYTHONPATH} /usr/bin/python3 setup.py egg_info --egg-base build/ddmr build --build-base /home/shaheen/ros2_ws/src/DDMR/build/ddmr/build install --record /home/shaheen/ros2_ws/src/DDMR/build/ddmr/install.log --single-version-externally-managed
[5.684s] Level 1:colcon.colcon_core.environment:checking '/home/shaheen/ros2_ws/src/DDMR/install/ddmr' for CMake module files
[5.685s] Level 1:colcon.colcon_core.environment:checking '/home/shaheen/ros2_ws/src/DDMR/install/ddmr' for CMake config files
[5.687s] Level 1:colcon.colcon_core.environment:checking '/home/shaheen/ros2_ws/src/DDMR/install/ddmr/lib'
[5.688s] Level 1:colcon.colcon_core.environment:checking '/home/shaheen/ros2_ws/src/DDMR/install/ddmr/bin'
[5.688s] Level 1:colcon.colcon_core.environment:checking '/home/shaheen/ros2_ws/src/DDMR/install/ddmr/lib/pkgconfig/ddmr.pc'
[5.688s] Level 1:colcon.colcon_core.environment:checking '/home/shaheen/ros2_ws/src/DDMR/install/ddmr/lib/python3.10/site-packages'
[5.689s] Level 1:colcon.colcon_core.shell:create_environment_hook('ddmr', 'pythonpath')
[5.692s] INFO:colcon.colcon_core.shell:Creating environment hook '/home/shaheen/ros2_ws/src/DDMR/install/ddmr/share/ddmr/hook/pythonpath.ps1'
[5.693s] INFO:colcon.colcon_core.shell:Creating environment descriptor '/home/shaheen/ros2_ws/src/DDMR/install/ddmr/share/ddmr/hook/pythonpath.dsv'
[5.694s] INFO:colcon.colcon_core.shell:Creating environment hook '/home/shaheen/ros2_ws/src/DDMR/install/ddmr/share/ddmr/hook/pythonpath.sh'
[5.695s] Level 1:colcon.colcon_core.environment:checking '/home/shaheen/ros2_ws/src/DDMR/install/ddmr/bin'
[5.695s] Level 1:colcon.colcon_core.environment:create_environment_scripts_only(ddmr)
[5.698s] INFO:colcon.colcon_core.shell:Creating package script '/home/shaheen/ros2_ws/src/DDMR/install/ddmr/share/ddmr/package.ps1'
[5.701s] INFO:colcon.colcon_core.shell:Creating package descriptor '/home/shaheen/ros2_ws/src/DDMR/install/ddmr/share/ddmr/package.dsv'
[5.702s] INFO:colcon.colcon_core.shell:Creating package script '/home/shaheen/ros2_ws/src/DDMR/install/ddmr/share/ddmr/package.sh'
[5.704s] INFO:colcon.colcon_core.shell:Creating package script '/home/shaheen/ros2_ws/src/DDMR/install/ddmr/share/ddmr/package.bash'
[5.707s] INFO:colcon.colcon_core.shell:Creating package script '/home/shaheen/ros2_ws/src/DDMR/install/ddmr/share/ddmr/package.zsh'
[5.723s] Level 1:colcon.colcon_core.environment:create_file_with_runtime_dependencies(/home/shaheen/ros2_ws/src/DDMR/install/ddmr/share/colcon-core/packages/ddmr)
[5.723s] DEBUG:colcon.colcon_parallel_executor.executor.parallel:closing loop
[5.724s] DEBUG:colcon.colcon_parallel_executor.executor.parallel:loop closed
[5.724s] DEBUG:colcon.colcon_parallel_executor.executor.parallel:run_until_complete finished with '0'
[5.724s] DEBUG:colcon.colcon_core.event_reactor:joining thread
[5.738s] INFO:colcon.colcon_core.plugin_system:Skipping extension 'colcon_notification.desktop_notification.terminal_notifier': Not used on non-Darwin systems
[5.738s] INFO:colcon.colcon_core.plugin_system:Skipping extension 'colcon_notification.desktop_notification.win32': Not used on non-Windows systems
[5.739s] INFO:colcon.colcon_notification.desktop_notification:Sending desktop notification using 'notify2'
[5.762s] DEBUG:colcon.colcon_core.event_reactor:joined thread
[5.763s] INFO:colcon.colcon_core.shell:Creating prefix script '/home/shaheen/ros2_ws/src/DDMR/install/local_setup.ps1'
[5.768s] INFO:colcon.colcon_core.shell:Creating prefix util module '/home/shaheen/ros2_ws/src/DDMR/install/_local_setup_util_ps1.py'
[5.770s] INFO:colcon.colcon_core.shell:Creating prefix chain script '/home/shaheen/ros2_ws/src/DDMR/install/setup.ps1'
[5.771s] INFO:colcon.colcon_core.shell:Creating prefix script '/home/shaheen/ros2_ws/src/DDMR/install/local_setup.sh'
[5.772s] INFO:colcon.colcon_core.shell:Creating prefix util module '/home/shaheen/ros2_ws/src/DDMR/install/_local_setup_util_sh.py'
[5.773s] INFO:colcon.colcon_core.shell:Creating prefix chain script '/home/shaheen/ros2_ws/src/DDMR/install/setup.sh'
[5.779s] INFO:colcon.colcon_core.shell:Creating prefix script '/home/shaheen/ros2_ws/src/DDMR/install/local_setup.bash'
[5.779s] INFO:colcon.colcon_core.shell:Creating prefix chain script '/home/shaheen/ros2_ws/src/DDMR/install/setup.bash'
[5.781s] INFO:colcon.colcon_core.shell:Creating prefix script '/home/shaheen/ros2_ws/src/DDMR/install/local_setup.zsh'
[5.782s] INFO:colcon.colcon_core.shell:Creating prefix chain script '/home/shaheen/ros2_ws/src/DDMR/install/setup.zsh'
